

*******************************************************************************
Mon Nov 12 16:18:24 2012


FIT:    data read from 'root_node_rules_counts_logs' using 1:(log10($2))
	y range restricted to [0.00000 : 4.00000]
        #datapoints = 329
        residuals are weighted equally (unit weight)

function used for fitting: f(x)
fitted parameters initialized with current variable values



 Iteration 0
 WSSR        : 1.19945e+07       delta(WSSR)/WSSR   : 0
 delta(WSSR) : 0                 limit for stopping : 1e-05
 lambda	  : 134.622

initial set of free parameter values

a               = 1
b               = 1

After 5 iterations the fit converged.
final sum of squares of residuals : 26.5352
rel. change during last iteration : -4.29161e-11

degrees of freedom    (FIT_NDF)                        : 327
rms of residuals      (FIT_STDFIT) = sqrt(WSSR/ndf)    : 0.284864
variance of residuals (reduced chisquare) = WSSR/ndf   : 0.0811473

Final set of parameters            Asymptotic Standard Error
=======================            ==========================

a               = -0.00806694      +/- 0.0001654    (2.05%)
b               = 2.13026          +/- 0.03148      (1.478%)


correlation matrix of the fit parameters:

               a      b      
a               1.000 
b              -0.867  1.000 


*******************************************************************************
Mon Nov 12 16:18:50 2012


FIT:    data read from 'root_node_rules_counts_logs' using 1:(log10($2))
	y range restricted to [0.00000 : 4.00000]
        #datapoints = 329
        residuals are weighted equally (unit weight)

function used for fitting: f(x)
fitted parameters initialized with current variable values



 Iteration 0
 WSSR        : 1.19945e+07       delta(WSSR)/WSSR   : 0
 delta(WSSR) : 0                 limit for stopping : 1e-05
 lambda	  : 134.622

initial set of free parameter values

a               = 1
b               = 1

After 5 iterations the fit converged.
final sum of squares of residuals : 26.5352
rel. change during last iteration : -4.29161e-11

degrees of freedom    (FIT_NDF)                        : 327
rms of residuals      (FIT_STDFIT) = sqrt(WSSR/ndf)    : 0.284864
variance of residuals (reduced chisquare) = WSSR/ndf   : 0.0811473

Final set of parameters            Asymptotic Standard Error
=======================            ==========================

a               = -0.00806694      +/- 0.0001654    (2.05%)
b               = 2.13026          +/- 0.03148      (1.478%)


correlation matrix of the fit parameters:

               a      b      
a               1.000 
b              -0.867  1.000 


*******************************************************************************
Mon Nov 12 16:19:02 2012


FIT:    data read from 'root_node_rules_counts_logs' using 1:(log10($2))
	y range restricted to [0.00000 : 4.00000]
        #datapoints = 329
        residuals are weighted equally (unit weight)

function used for fitting: f(x)
fitted parameters initialized with current variable values



 Iteration 0
 WSSR        : 1.19945e+07       delta(WSSR)/WSSR   : 0
 delta(WSSR) : 0                 limit for stopping : 1e-05
 lambda	  : 134.622

initial set of free parameter values

a               = 1
b               = 1

After 5 iterations the fit converged.
final sum of squares of residuals : 26.5352
rel. change during last iteration : -4.29161e-11

degrees of freedom    (FIT_NDF)                        : 327
rms of residuals      (FIT_STDFIT) = sqrt(WSSR/ndf)    : 0.284864
variance of residuals (reduced chisquare) = WSSR/ndf   : 0.0811473

Final set of parameters            Asymptotic Standard Error
=======================            ==========================

a               = -0.00806694      +/- 0.0001654    (2.05%)
b               = 2.13026          +/- 0.03148      (1.478%)


correlation matrix of the fit parameters:

               a      b      
a               1.000 
b              -0.867  1.000 


*******************************************************************************
Mon Nov 12 16:19:16 2012


FIT:    data read from 'root_node_rules_counts_logs' using 1:(log10($2))
	y range restricted to [0.00000 : 4.00000]
        #datapoints = 329
        residuals are weighted equally (unit weight)

function used for fitting: f(x)
fitted parameters initialized with current variable values



 Iteration 0
 WSSR        : 1.19945e+07       delta(WSSR)/WSSR   : 0
 delta(WSSR) : 0                 limit for stopping : 1e-05
 lambda	  : 134.622

initial set of free parameter values

a               = 1
b               = 1

After 5 iterations the fit converged.
final sum of squares of residuals : 26.5352
rel. change during last iteration : -4.29161e-11

degrees of freedom    (FIT_NDF)                        : 327
rms of residuals      (FIT_STDFIT) = sqrt(WSSR/ndf)    : 0.284864
variance of residuals (reduced chisquare) = WSSR/ndf   : 0.0811473

Final set of parameters            Asymptotic Standard Error
=======================            ==========================

a               = -0.00806694      +/- 0.0001654    (2.05%)
b               = 2.13026          +/- 0.03148      (1.478%)


correlation matrix of the fit parameters:

               a      b      
a               1.000 
b              -0.867  1.000 


*******************************************************************************
Mon Nov 12 16:19:48 2012


FIT:    data read from 'root_node_rules_counts_logs' using 1:(log10($2))
	y range restricted to [0.00000 : 4.00000]
        #datapoints = 329
        residuals are weighted equally (unit weight)

function used for fitting: f(x)
fitted parameters initialized with current variable values



 Iteration 0
 WSSR        : 1.19945e+07       delta(WSSR)/WSSR   : 0
 delta(WSSR) : 0                 limit for stopping : 1e-05
 lambda	  : 134.622

initial set of free parameter values

a               = 1
b               = 1

After 5 iterations the fit converged.
final sum of squares of residuals : 26.5352
rel. change during last iteration : -4.29161e-11

degrees of freedom    (FIT_NDF)                        : 327
rms of residuals      (FIT_STDFIT) = sqrt(WSSR/ndf)    : 0.284864
variance of residuals (reduced chisquare) = WSSR/ndf   : 0.0811473

Final set of parameters            Asymptotic Standard Error
=======================            ==========================

a               = -0.00806694      +/- 0.0001654    (2.05%)
b               = 2.13026          +/- 0.03148      (1.478%)


correlation matrix of the fit parameters:

               a      b      
a               1.000 
b              -0.867  1.000 


*******************************************************************************
Mon Nov 12 16:19:57 2012


FIT:    data read from 'root_node_rules_counts_logs' using 1:(log10($2))
	y range restricted to [0.00000 : 4.00000]
        #datapoints = 329
        residuals are weighted equally (unit weight)

function used for fitting: f(x)
fitted parameters initialized with current variable values



 Iteration 0
 WSSR        : 1.19945e+07       delta(WSSR)/WSSR   : 0
 delta(WSSR) : 0                 limit for stopping : 1e-05
 lambda	  : 134.622

initial set of free parameter values

a               = 1
b               = 1

After 5 iterations the fit converged.
final sum of squares of residuals : 26.5352
rel. change during last iteration : -4.29161e-11

degrees of freedom    (FIT_NDF)                        : 327
rms of residuals      (FIT_STDFIT) = sqrt(WSSR/ndf)    : 0.284864
variance of residuals (reduced chisquare) = WSSR/ndf   : 0.0811473

Final set of parameters            Asymptotic Standard Error
=======================            ==========================

a               = -0.00806694      +/- 0.0001654    (2.05%)
b               = 2.13026          +/- 0.03148      (1.478%)


correlation matrix of the fit parameters:

               a      b      
a               1.000 
b              -0.867  1.000 


*******************************************************************************
Mon Nov 12 16:20:17 2012


FIT:    data read from 'root_node_rules_counts_logs' using 1:(log10($2))
	y range restricted to [0.00000 : 4.00000]
        #datapoints = 329
        residuals are weighted equally (unit weight)

function used for fitting: f(x)
fitted parameters initialized with current variable values



 Iteration 0
 WSSR        : 1.19945e+07       delta(WSSR)/WSSR   : 0
 delta(WSSR) : 0                 limit for stopping : 1e-05
 lambda	  : 134.622

initial set of free parameter values

a               = 1
b               = 1

After 5 iterations the fit converged.
final sum of squares of residuals : 26.5352
rel. change during last iteration : -4.29161e-11

degrees of freedom    (FIT_NDF)                        : 327
rms of residuals      (FIT_STDFIT) = sqrt(WSSR/ndf)    : 0.284864
variance of residuals (reduced chisquare) = WSSR/ndf   : 0.0811473

Final set of parameters            Asymptotic Standard Error
=======================            ==========================

a               = -0.00806694      +/- 0.0001654    (2.05%)
b               = 2.13026          +/- 0.03148      (1.478%)


correlation matrix of the fit parameters:

               a      b      
a               1.000 
b              -0.867  1.000 


*******************************************************************************
Mon Nov 12 16:20:21 2012


FIT:    data read from 'root_node_rules_counts_logs' using 1:(log10($2))
	y range restricted to [0.00000 : 4.00000]
        #datapoints = 329
        residuals are weighted equally (unit weight)

function used for fitting: f(x)
fitted parameters initialized with current variable values



 Iteration 0
 WSSR        : 1.19945e+07       delta(WSSR)/WSSR   : 0
 delta(WSSR) : 0                 limit for stopping : 1e-05
 lambda	  : 134.622

initial set of free parameter values

a               = 1
b               = 1

After 5 iterations the fit converged.
final sum of squares of residuals : 26.5352
rel. change during last iteration : -4.29161e-11

degrees of freedom    (FIT_NDF)                        : 327
rms of residuals      (FIT_STDFIT) = sqrt(WSSR/ndf)    : 0.284864
variance of residuals (reduced chisquare) = WSSR/ndf   : 0.0811473

Final set of parameters            Asymptotic Standard Error
=======================            ==========================

a               = -0.00806694      +/- 0.0001654    (2.05%)
b               = 2.13026          +/- 0.03148      (1.478%)


correlation matrix of the fit parameters:

               a      b      
a               1.000 
b              -0.867  1.000 


*******************************************************************************
Mon Nov 12 16:20:33 2012


FIT:    data read from 'root_node_rules_counts_logs' using 1:(log10($2))
	y range restricted to [0.00000 : 4.00000]
        #datapoints = 329
        residuals are weighted equally (unit weight)

function used for fitting: f(x)
fitted parameters initialized with current variable values



 Iteration 0
 WSSR        : 1.19945e+07       delta(WSSR)/WSSR   : 0
 delta(WSSR) : 0                 limit for stopping : 1e-05
 lambda	  : 134.622

initial set of free parameter values

a               = 1
b               = 1

After 5 iterations the fit converged.
final sum of squares of residuals : 26.5352
rel. change during last iteration : -4.29161e-11

degrees of freedom    (FIT_NDF)                        : 327
rms of residuals      (FIT_STDFIT) = sqrt(WSSR/ndf)    : 0.284864
variance of residuals (reduced chisquare) = WSSR/ndf   : 0.0811473

Final set of parameters            Asymptotic Standard Error
=======================            ==========================

a               = -0.00806694      +/- 0.0001654    (2.05%)
b               = 2.13026          +/- 0.03148      (1.478%)


correlation matrix of the fit parameters:

               a      b      
a               1.000 
b              -0.867  1.000 


*******************************************************************************
Mon Nov 12 16:21:12 2012


FIT:    data read from 'root_node_rules_counts_logs' using 1:(log10($2))
	y range restricted to [0.00000 : 4.00000]
        #datapoints = 329
        residuals are weighted equally (unit weight)

function used for fitting: f(x)
fitted parameters initialized with current variable values



 Iteration 0
 WSSR        : 1.19945e+07       delta(WSSR)/WSSR   : 0
 delta(WSSR) : 0                 limit for stopping : 1e-05
 lambda	  : 134.622

initial set of free parameter values

a               = 1
b               = 1

After 5 iterations the fit converged.
final sum of squares of residuals : 26.5352
rel. change during last iteration : -4.29161e-11

degrees of freedom    (FIT_NDF)                        : 327
rms of residuals      (FIT_STDFIT) = sqrt(WSSR/ndf)    : 0.284864
variance of residuals (reduced chisquare) = WSSR/ndf   : 0.0811473

Final set of parameters            Asymptotic Standard Error
=======================            ==========================

a               = -0.00806694      +/- 0.0001654    (2.05%)
b               = 2.13026          +/- 0.03148      (1.478%)


correlation matrix of the fit parameters:

               a      b      
a               1.000 
b              -0.867  1.000 


*******************************************************************************
Mon Nov 12 16:21:30 2012


FIT:    data read from 'root_node_rules_counts_logs' using 1:(log10($2))
	y range restricted to [0.00000 : 4.00000]
        #datapoints = 329
        residuals are weighted equally (unit weight)

function used for fitting: f(x)
fitted parameters initialized with current variable values



 Iteration 0
 WSSR        : 1.19945e+07       delta(WSSR)/WSSR   : 0
 delta(WSSR) : 0                 limit for stopping : 1e-05
 lambda	  : 134.622

initial set of free parameter values

a               = 1
b               = 1

After 5 iterations the fit converged.
final sum of squares of residuals : 26.5352
rel. change during last iteration : -4.29161e-11

degrees of freedom    (FIT_NDF)                        : 327
rms of residuals      (FIT_STDFIT) = sqrt(WSSR/ndf)    : 0.284864
variance of residuals (reduced chisquare) = WSSR/ndf   : 0.0811473

Final set of parameters            Asymptotic Standard Error
=======================            ==========================

a               = -0.00806694      +/- 0.0001654    (2.05%)
b               = 2.13026          +/- 0.03148      (1.478%)


correlation matrix of the fit parameters:

               a      b      
a               1.000 
b              -0.867  1.000 


*******************************************************************************
Mon Nov 12 16:21:55 2012


FIT:    data read from 'root_node_rules_counts_logs' using 1:(log10($2))
	y range restricted to [0.00000 : 4.00000]
        #datapoints = 329
        residuals are weighted equally (unit weight)

function used for fitting: f(x)
fitted parameters initialized with current variable values



 Iteration 0
 WSSR        : 1.19945e+07       delta(WSSR)/WSSR   : 0
 delta(WSSR) : 0                 limit for stopping : 1e-05
 lambda	  : 134.622

initial set of free parameter values

a               = 1
b               = 1

After 5 iterations the fit converged.
final sum of squares of residuals : 26.5352
rel. change during last iteration : -4.29161e-11

degrees of freedom    (FIT_NDF)                        : 327
rms of residuals      (FIT_STDFIT) = sqrt(WSSR/ndf)    : 0.284864
variance of residuals (reduced chisquare) = WSSR/ndf   : 0.0811473

Final set of parameters            Asymptotic Standard Error
=======================            ==========================

a               = -0.00806694      +/- 0.0001654    (2.05%)
b               = 2.13026          +/- 0.03148      (1.478%)


correlation matrix of the fit parameters:

               a      b      
a               1.000 
b              -0.867  1.000 


*******************************************************************************
Mon Nov 12 16:22:32 2012


FIT:    data read from 'root_node_rules_counts_logs' using 1:(log10($2))
	y range restricted to [0.00000 : 4.00000]
        #datapoints = 329
        residuals are weighted equally (unit weight)

function used for fitting: f(x)
fitted parameters initialized with current variable values



 Iteration 0
 WSSR        : 1.19945e+07       delta(WSSR)/WSSR   : 0
 delta(WSSR) : 0                 limit for stopping : 1e-05
 lambda	  : 134.622

initial set of free parameter values

a               = 1
b               = 1

After 5 iterations the fit converged.
final sum of squares of residuals : 26.5352
rel. change during last iteration : -4.29161e-11

degrees of freedom    (FIT_NDF)                        : 327
rms of residuals      (FIT_STDFIT) = sqrt(WSSR/ndf)    : 0.284864
variance of residuals (reduced chisquare) = WSSR/ndf   : 0.0811473

Final set of parameters            Asymptotic Standard Error
=======================            ==========================

a               = -0.00806694      +/- 0.0001654    (2.05%)
b               = 2.13026          +/- 0.03148      (1.478%)


correlation matrix of the fit parameters:

               a      b      
a               1.000 
b              -0.867  1.000 


*******************************************************************************
Mon Nov 12 16:23:10 2012


FIT:    data read from 'root_node_rules_counts_logs' using 1:(log10($2))
	y range restricted to [0.00000 : 4.00000]
        #datapoints = 329
        residuals are weighted equally (unit weight)

function used for fitting: f(x)
fitted parameters initialized with current variable values



 Iteration 0
 WSSR        : 1.19945e+07       delta(WSSR)/WSSR   : 0
 delta(WSSR) : 0                 limit for stopping : 1e-05
 lambda	  : 134.622

initial set of free parameter values

a               = 1
b               = 1

After 5 iterations the fit converged.
final sum of squares of residuals : 26.5352
rel. change during last iteration : -4.29161e-11

degrees of freedom    (FIT_NDF)                        : 327
rms of residuals      (FIT_STDFIT) = sqrt(WSSR/ndf)    : 0.284864
variance of residuals (reduced chisquare) = WSSR/ndf   : 0.0811473

Final set of parameters            Asymptotic Standard Error
=======================            ==========================

a               = -0.00806694      +/- 0.0001654    (2.05%)
b               = 2.13026          +/- 0.03148      (1.478%)


correlation matrix of the fit parameters:

               a      b      
a               1.000 
b              -0.867  1.000 


*******************************************************************************
Mon Nov 12 16:23:16 2012


FIT:    data read from 'root_node_rules_counts_logs' using 1:(log10($2))
	y range restricted to [0.00000 : 4.00000]
        #datapoints = 329
        residuals are weighted equally (unit weight)

function used for fitting: f(x)
fitted parameters initialized with current variable values



 Iteration 0
 WSSR        : 1.19945e+07       delta(WSSR)/WSSR   : 0
 delta(WSSR) : 0                 limit for stopping : 1e-05
 lambda	  : 134.622

initial set of free parameter values

a               = 1
b               = 1

After 5 iterations the fit converged.
final sum of squares of residuals : 26.5352
rel. change during last iteration : -4.29161e-11

degrees of freedom    (FIT_NDF)                        : 327
rms of residuals      (FIT_STDFIT) = sqrt(WSSR/ndf)    : 0.284864
variance of residuals (reduced chisquare) = WSSR/ndf   : 0.0811473

Final set of parameters            Asymptotic Standard Error
=======================            ==========================

a               = -0.00806694      +/- 0.0001654    (2.05%)
b               = 2.13026          +/- 0.03148      (1.478%)


correlation matrix of the fit parameters:

               a      b      
a               1.000 
b              -0.867  1.000 


*******************************************************************************
Mon Nov 12 16:24:20 2012


FIT:    data read from 'root_node_rules_counts_logs' using 1:(log10($2))
	y range restricted to [0.00000 : 4.00000]
        #datapoints = 329
        residuals are weighted equally (unit weight)

function used for fitting: f(x)
fitted parameters initialized with current variable values



 Iteration 0
 WSSR        : 1.19945e+07       delta(WSSR)/WSSR   : 0
 delta(WSSR) : 0                 limit for stopping : 1e-05
 lambda	  : 134.622

initial set of free parameter values

a               = 1
b               = 1

After 5 iterations the fit converged.
final sum of squares of residuals : 26.5352
rel. change during last iteration : -4.29161e-11

degrees of freedom    (FIT_NDF)                        : 327
rms of residuals      (FIT_STDFIT) = sqrt(WSSR/ndf)    : 0.284864
variance of residuals (reduced chisquare) = WSSR/ndf   : 0.0811473

Final set of parameters            Asymptotic Standard Error
=======================            ==========================

a               = -0.00806694      +/- 0.0001654    (2.05%)
b               = 2.13026          +/- 0.03148      (1.478%)


correlation matrix of the fit parameters:

               a      b      
a               1.000 
b              -0.867  1.000 


*******************************************************************************
Mon Nov 12 16:25:04 2012


FIT:    data read from 'root_node_rules_counts_logs' using 1:(log10($2))
	y range restricted to [0.00000 : 4.00000]
        #datapoints = 329
        residuals are weighted equally (unit weight)

function used for fitting: f(x)
fitted parameters initialized with current variable values



 Iteration 0
 WSSR        : 1.19945e+07       delta(WSSR)/WSSR   : 0
 delta(WSSR) : 0                 limit for stopping : 1e-05
 lambda	  : 134.622

initial set of free parameter values

a               = 1
b               = 1

After 5 iterations the fit converged.
final sum of squares of residuals : 26.5352
rel. change during last iteration : -4.29161e-11

degrees of freedom    (FIT_NDF)                        : 327
rms of residuals      (FIT_STDFIT) = sqrt(WSSR/ndf)    : 0.284864
variance of residuals (reduced chisquare) = WSSR/ndf   : 0.0811473

Final set of parameters            Asymptotic Standard Error
=======================            ==========================

a               = -0.00806694      +/- 0.0001654    (2.05%)
b               = 2.13026          +/- 0.03148      (1.478%)


correlation matrix of the fit parameters:

               a      b      
a               1.000 
b              -0.867  1.000 


*******************************************************************************
Mon Nov 12 16:25:09 2012


FIT:    data read from 'root_node_rules_counts_logs' using 1:(log10($2))
	y range restricted to [0.00000 : 4.00000]
        #datapoints = 329
        residuals are weighted equally (unit weight)

function used for fitting: f(x)
fitted parameters initialized with current variable values



 Iteration 0
 WSSR        : 1.19945e+07       delta(WSSR)/WSSR   : 0
 delta(WSSR) : 0                 limit for stopping : 1e-05
 lambda	  : 134.622

initial set of free parameter values

a               = 1
b               = 1

After 5 iterations the fit converged.
final sum of squares of residuals : 26.5352
rel. change during last iteration : -4.29161e-11

degrees of freedom    (FIT_NDF)                        : 327
rms of residuals      (FIT_STDFIT) = sqrt(WSSR/ndf)    : 0.284864
variance of residuals (reduced chisquare) = WSSR/ndf   : 0.0811473

Final set of parameters            Asymptotic Standard Error
=======================            ==========================

a               = -0.00806694      +/- 0.0001654    (2.05%)
b               = 2.13026          +/- 0.03148      (1.478%)


correlation matrix of the fit parameters:

               a      b      
a               1.000 
b              -0.867  1.000 


*******************************************************************************
Mon Nov 12 16:27:27 2012


FIT:    data read from 'root_node_rules_counts_logs' using 1:(log10($2))
	y range restricted to [0.00000 : 4.00000]
        #datapoints = 329
        residuals are weighted equally (unit weight)

function used for fitting: f(x)
fitted parameters initialized with current variable values



 Iteration 0
 WSSR        : 1.19945e+07       delta(WSSR)/WSSR   : 0
 delta(WSSR) : 0                 limit for stopping : 1e-05
 lambda	  : 134.622

initial set of free parameter values

a               = 1
b               = 1

After 5 iterations the fit converged.
final sum of squares of residuals : 26.5352
rel. change during last iteration : -4.29161e-11

degrees of freedom    (FIT_NDF)                        : 327
rms of residuals      (FIT_STDFIT) = sqrt(WSSR/ndf)    : 0.284864
variance of residuals (reduced chisquare) = WSSR/ndf   : 0.0811473

Final set of parameters            Asymptotic Standard Error
=======================            ==========================

a               = -0.00806694      +/- 0.0001654    (2.05%)
b               = 2.13026          +/- 0.03148      (1.478%)


correlation matrix of the fit parameters:

               a      b      
a               1.000 
b              -0.867  1.000 


*******************************************************************************
Mon Nov 12 16:28:23 2012


FIT:    data read from 'root_node_rules_counts_logs' using 1:(log10($2))
	y range restricted to [0.00000 : 4.00000]
        #datapoints = 329
        residuals are weighted equally (unit weight)

function used for fitting: f(x)
fitted parameters initialized with current variable values



 Iteration 0
 WSSR        : 1.19945e+07       delta(WSSR)/WSSR   : 0
 delta(WSSR) : 0                 limit for stopping : 1e-05
 lambda	  : 134.622

initial set of free parameter values

a               = 1
b               = 1

After 5 iterations the fit converged.
final sum of squares of residuals : 26.5352
rel. change during last iteration : -4.29161e-11

degrees of freedom    (FIT_NDF)                        : 327
rms of residuals      (FIT_STDFIT) = sqrt(WSSR/ndf)    : 0.284864
variance of residuals (reduced chisquare) = WSSR/ndf   : 0.0811473

Final set of parameters            Asymptotic Standard Error
=======================            ==========================

a               = -0.00806694      +/- 0.0001654    (2.05%)
b               = 2.13026          +/- 0.03148      (1.478%)


correlation matrix of the fit parameters:

               a      b      
a               1.000 
b              -0.867  1.000 


*******************************************************************************
Mon Nov 12 16:28:35 2012


FIT:    data read from 'root_node_rules_counts_logs' using 1:(log10($2))
	y range restricted to [0.00000 : 4.00000]
        #datapoints = 329
        residuals are weighted equally (unit weight)

function used for fitting: f(x)
fitted parameters initialized with current variable values



 Iteration 0
 WSSR        : 1.19945e+07       delta(WSSR)/WSSR   : 0
 delta(WSSR) : 0                 limit for stopping : 1e-05
 lambda	  : 134.622

initial set of free parameter values

a               = 1
b               = 1

After 5 iterations the fit converged.
final sum of squares of residuals : 26.5352
rel. change during last iteration : -4.29161e-11

degrees of freedom    (FIT_NDF)                        : 327
rms of residuals      (FIT_STDFIT) = sqrt(WSSR/ndf)    : 0.284864
variance of residuals (reduced chisquare) = WSSR/ndf   : 0.0811473

Final set of parameters            Asymptotic Standard Error
=======================            ==========================

a               = -0.00806694      +/- 0.0001654    (2.05%)
b               = 2.13026          +/- 0.03148      (1.478%)


correlation matrix of the fit parameters:

               a      b      
a               1.000 
b              -0.867  1.000 


*******************************************************************************
Mon Nov 12 16:29:39 2012


FIT:    data read from 'root_node_rules_counts_logs' using 1:(log10($2))
	y range restricted to [0.00000 : 4.00000]
        #datapoints = 329
        residuals are weighted equally (unit weight)

function used for fitting: f(x)
fitted parameters initialized with current variable values



 Iteration 0
 WSSR        : 1.19945e+07       delta(WSSR)/WSSR   : 0
 delta(WSSR) : 0                 limit for stopping : 1e-05
 lambda	  : 134.622

initial set of free parameter values

a               = 1
b               = 1

After 5 iterations the fit converged.
final sum of squares of residuals : 26.5352
rel. change during last iteration : -4.29161e-11

degrees of freedom    (FIT_NDF)                        : 327
rms of residuals      (FIT_STDFIT) = sqrt(WSSR/ndf)    : 0.284864
variance of residuals (reduced chisquare) = WSSR/ndf   : 0.0811473

Final set of parameters            Asymptotic Standard Error
=======================            ==========================

a               = -0.00806694      +/- 0.0001654    (2.05%)
b               = 2.13026          +/- 0.03148      (1.478%)


correlation matrix of the fit parameters:

               a      b      
a               1.000 
b              -0.867  1.000 


*******************************************************************************
Mon Nov 12 16:32:07 2012


FIT:    data read from 'root_node_rules_counts_logs' using 1:(log10($2))
	y range restricted to [0.00000 : 4.00000]
        #datapoints = 329
        residuals are weighted equally (unit weight)

function used for fitting: f(x)
fitted parameters initialized with current variable values



 Iteration 0
 WSSR        : 1.19945e+07       delta(WSSR)/WSSR   : 0
 delta(WSSR) : 0                 limit for stopping : 1e-05
 lambda	  : 134.622

initial set of free parameter values

a               = 1
b               = 1

After 5 iterations the fit converged.
final sum of squares of residuals : 26.5352
rel. change during last iteration : -4.29161e-11

degrees of freedom    (FIT_NDF)                        : 327
rms of residuals      (FIT_STDFIT) = sqrt(WSSR/ndf)    : 0.284864
variance of residuals (reduced chisquare) = WSSR/ndf   : 0.0811473

Final set of parameters            Asymptotic Standard Error
=======================            ==========================

a               = -0.00806694      +/- 0.0001654    (2.05%)
b               = 2.13026          +/- 0.03148      (1.478%)


correlation matrix of the fit parameters:

               a      b      
a               1.000 
b              -0.867  1.000 


*******************************************************************************
Mon Nov 12 16:32:41 2012


FIT:    data read from 'root_node_rules_counts_logs' using 1:(log10($2))
	y range restricted to [0.00000 : 4.00000]
        #datapoints = 329
        residuals are weighted equally (unit weight)

function used for fitting: f(x)
fitted parameters initialized with current variable values



 Iteration 0
 WSSR        : 1.19945e+07       delta(WSSR)/WSSR   : 0
 delta(WSSR) : 0                 limit for stopping : 1e-05
 lambda	  : 134.622

initial set of free parameter values

a               = 1
b               = 1

After 5 iterations the fit converged.
final sum of squares of residuals : 26.5352
rel. change during last iteration : -4.29161e-11

degrees of freedom    (FIT_NDF)                        : 327
rms of residuals      (FIT_STDFIT) = sqrt(WSSR/ndf)    : 0.284864
variance of residuals (reduced chisquare) = WSSR/ndf   : 0.0811473

Final set of parameters            Asymptotic Standard Error
=======================            ==========================

a               = -0.00806694      +/- 0.0001654    (2.05%)
b               = 2.13026          +/- 0.03148      (1.478%)


correlation matrix of the fit parameters:

               a      b      
a               1.000 
b              -0.867  1.000 


*******************************************************************************
Mon Nov 12 16:33:33 2012


FIT:    data read from 'root_node_rules_counts_logs' using 1:(log10($2))
	y range restricted to [0.00000 : 4.00000]
        #datapoints = 329
        residuals are weighted equally (unit weight)

function used for fitting: f(x)
fitted parameters initialized with current variable values



 Iteration 0
 WSSR        : 1.19945e+07       delta(WSSR)/WSSR   : 0
 delta(WSSR) : 0                 limit for stopping : 1e-05
 lambda	  : 134.622

initial set of free parameter values

a               = 1
b               = 1

After 5 iterations the fit converged.
final sum of squares of residuals : 26.5352
rel. change during last iteration : -4.29161e-11

degrees of freedom    (FIT_NDF)                        : 327
rms of residuals      (FIT_STDFIT) = sqrt(WSSR/ndf)    : 0.284864
variance of residuals (reduced chisquare) = WSSR/ndf   : 0.0811473

Final set of parameters            Asymptotic Standard Error
=======================            ==========================

a               = -0.00806694      +/- 0.0001654    (2.05%)
b               = 2.13026          +/- 0.03148      (1.478%)


correlation matrix of the fit parameters:

               a      b      
a               1.000 
b              -0.867  1.000 


*******************************************************************************
Fri Nov 16 14:33:56 2012


FIT:    data read from 'root_node_rules_counts_logs' using 1:(log10($2))
	y range restricted to [0.00000 : 4.00000]
        #datapoints = 329
        residuals are weighted equally (unit weight)

function used for fitting: f(x)
fitted parameters initialized with current variable values



 Iteration 0
 WSSR        : 1.19945e+07       delta(WSSR)/WSSR   : 0
 delta(WSSR) : 0                 limit for stopping : 1e-05
 lambda	  : 134.622

initial set of free parameter values

a               = 1
b               = 1

After 5 iterations the fit converged.
final sum of squares of residuals : 26.5352
rel. change during last iteration : -4.29161e-11

degrees of freedom    (FIT_NDF)                        : 327
rms of residuals      (FIT_STDFIT) = sqrt(WSSR/ndf)    : 0.284864
variance of residuals (reduced chisquare) = WSSR/ndf   : 0.0811473

Final set of parameters            Asymptotic Standard Error
=======================            ==========================

a               = -0.00806694      +/- 0.0001654    (2.05%)
b               = 2.13026          +/- 0.03148      (1.478%)


correlation matrix of the fit parameters:

               a      b      
a               1.000 
b              -0.867  1.000 
